2022-06-11 14:58:34.454 [main] INFO  pers.boyuan.boot.Application[55] - Starting Application on DESKTOP-RABBVNS with PID 17588 (D:\MyCode\digital-second-brain\dsb-boot\target\classes started by Godfery in D:\MyCode\digital-second-brain)
2022-06-11 14:58:34.454 [main] INFO  pers.boyuan.boot.Application[651] - No active profile set, falling back to default profiles: default
2022-06-11 14:58:35.141 [main] INFO  o.s.boot.web.embedded.tomcat.TomcatWebServer[108] - Tomcat initialized with port(s): 9826 (http)
2022-06-11 14:58:35.141 [main] INFO  org.apache.coyote.http11.Http11NioProtocol[173] - Initializing ProtocolHandler ["http-nio-9826"]
2022-06-11 14:58:35.141 [main] INFO  org.apache.catalina.core.StandardService[173] - Starting service [Tomcat]
2022-06-11 14:58:35.141 [main] INFO  org.apache.catalina.core.StandardEngine[173] - Starting Servlet engine: [Apache Tomcat/9.0.36]
2022-06-11 14:58:35.225 [main] INFO  o.a.c.c.ContainerBase.[Tomcat].[localhost].[/dsb][173] - Initializing Spring embedded WebApplicationContext
2022-06-11 14:58:35.225 [main] INFO  o.s.b.w.s.c.ServletWebServerApplicationContext[285] - Root WebApplicationContext: initialization completed in 733 ms
2022-06-11 14:58:35.326 [main] INFO  o.s.scheduling.concurrent.ThreadPoolTaskExecutor[181] - Initializing ExecutorService 'applicationTaskExecutor'
2022-06-11 14:58:35.410 [main] INFO  org.apache.coyote.http11.Http11NioProtocol[173] - Starting ProtocolHandler ["http-nio-9826"]
2022-06-11 14:58:35.426 [main] INFO  o.s.boot.web.embedded.tomcat.TomcatWebServer[220] - Tomcat started on port(s): 9826 (http) with context path '/dsb'
2022-06-11 14:58:35.441 [main] INFO  pers.boyuan.boot.Application[61] - Started Application in 1.289 seconds (JVM running for 2.44)
2022-06-11 14:58:42.026 [SpringContextShutdownHook] INFO  o.s.scheduling.concurrent.ThreadPoolTaskExecutor[218] - Shutting down ExecutorService 'applicationTaskExecutor'
2022-06-11 15:00:36.901 [main] INFO  pers.boyuan.boot.Application[55] - Starting Application on DESKTOP-RABBVNS with PID 23464 (D:\MyCode\digital-second-brain\dsb-boot\target\classes started by Godfery in D:\MyCode\digital-second-brain)
2022-06-11 15:00:36.901 [main] INFO  pers.boyuan.boot.Application[651] - No active profile set, falling back to default profiles: default
2022-06-11 15:00:37.448 [main] INFO  o.s.boot.web.embedded.tomcat.TomcatWebServer[108] - Tomcat initialized with port(s): 9826 (http)
2022-06-11 15:00:37.448 [main] INFO  org.apache.coyote.http11.Http11NioProtocol[173] - Initializing ProtocolHandler ["http-nio-9826"]
2022-06-11 15:00:37.448 [main] INFO  org.apache.catalina.core.StandardService[173] - Starting service [Tomcat]
2022-06-11 15:00:37.448 [main] INFO  org.apache.catalina.core.StandardEngine[173] - Starting Servlet engine: [Apache Tomcat/9.0.36]
2022-06-11 15:00:37.501 [main] INFO  o.a.c.c.ContainerBase.[Tomcat].[localhost].[/dsb][173] - Initializing Spring embedded WebApplicationContext
2022-06-11 15:00:37.501 [main] INFO  o.s.b.w.s.c.ServletWebServerApplicationContext[285] - Root WebApplicationContext: initialization completed in 561 ms
2022-06-11 15:00:37.633 [main] INFO  o.s.scheduling.concurrent.ThreadPoolTaskExecutor[181] - Initializing ExecutorService 'applicationTaskExecutor'
2022-06-11 15:00:37.718 [main] INFO  org.apache.coyote.http11.Http11NioProtocol[173] - Starting ProtocolHandler ["http-nio-9826"]
2022-06-11 15:00:37.733 [main] INFO  o.s.boot.web.embedded.tomcat.TomcatWebServer[220] - Tomcat started on port(s): 9826 (http) with context path '/dsb'
2022-06-11 15:00:37.749 [main] INFO  pers.boyuan.boot.Application[61] - Started Application in 1.145 seconds (JVM running for 2.1)
2022-06-11 15:00:43.087 [SpringContextShutdownHook] INFO  o.s.scheduling.concurrent.ThreadPoolTaskExecutor[218] - Shutting down ExecutorService 'applicationTaskExecutor'
